14:55:46.940 [main] INFO  tc_Tr.BlockUser_Tr - TC-02 --> Verify User is navigate to the block memeber screen 
14:55:51.463 [main] INFO  tc_Tr.BlockUser_Tr - TC-03 --> Verify User is able to search any block memeber
14:55:51.581 [main] INFO  tc_Tr.BlockUser_Tr - TC-04 --> Verify Unblock user confirm popup is displaying by clicking UnBlock
14:55:55.736 [main] INFO  tc_Tr.BlockUser_Tr - TC-05 --> Verify User is able to Unblock user by clicking confirm
14:59:23.964 [main] INFO  org.testng.internal.Utils - [TestNG] Running:
  C:\Users\INX\OneDrive\Documents\My Automation Learning\TourWitDemo\testng.xml

14:59:24.349 [main] INFO  tc_Tr.BlockUser_Tr - >>> @BeforeClass executed, initializing driver with browser: chrome
14:59:35.240 [main] INFO  tc_Tr.BlockUser_Tr - Verify User is able to add email
14:59:39.500 [main] INFO  tc_Tr.BlockUser_Tr - Verify User is able to add password
14:59:43.632 [main] INFO  tc_Tr.BlockUser_Tr - Verify User is able to login by clicking on Login Button
14:59:47.828 [main] INFO  tc_Tr.BlockUser_Tr - TC-01 --> Verify options are displaying by clicking on profile icon
14:59:51.933 [main] INFO  tc_Tr.BlockUser_Tr - TC-02 --> Verify User is navigate to profile screen by clicking My Profile
14:59:52.244 [main] INFO  tc_Tr.BlockUser_Tr - TC-02 --> Verify User is navigate to the block memeber screen 
14:59:57.107 [main] INFO  tc_Tr.BlockUser_Tr - TC-03 --> Verify User is able to search any block memeber
14:59:57.306 [main] INFO  tc_Tr.BlockUser_Tr - TC-04 --> Verify Unblock user confirm popup is displaying by clicking UnBlock
15:00:01.506 [main] INFO  tc_Tr.BlockUser_Tr - TC-05 --> Verify User is able to Unblock user by clicking confirm
15:47:43.313 [main] INFO  org.testng.internal.Utils - [TestNG] Running:
  C:\Users\INX\OneDrive\Documents\My Automation Learning\TourWitDemo\testng.xml

15:47:43.615 [main] INFO  tc_Tr.UserProfile_Tr - >>> @BeforeClass executed, initializing driver with browser: chrome
15:47:47.527 [main] INFO  tc_Tr.UserProfile_Tr - Verify User is able to add email
15:47:51.938 [main] INFO  tc_Tr.UserProfile_Tr - Verify User is able to add password
15:47:56.050 [main] INFO  tc_Tr.UserProfile_Tr - Verify User is able to login by clicking on Login Button
15:48:04.253 [main] INFO  tc_Tr.UserProfile_Tr - TC-01 --> Verify Options are displaying by clicking on profile icon
15:56:23.182 [main] INFO  org.testng.internal.Utils - [TestNG] Running:
  C:\Users\INX\OneDrive\Documents\My Automation Learning\TourWitDemo\testng.xml

15:56:23.507 [main] INFO  tc_Tr.UserProfile_Tr - >>> @BeforeClass executed, initializing driver with browser: chrome
15:56:27.167 [main] INFO  tc_Tr.UserProfile_Tr - Verify User is able to add email
15:56:31.589 [main] INFO  tc_Tr.UserProfile_Tr - Verify User is able to add password
15:56:35.714 [main] INFO  tc_Tr.UserProfile_Tr - Verify User is able to login by clicking on Login Button
15:56:43.889 [main] INFO  tc_Tr.UserProfile_Tr - TC-01 --> Verify Options are displaying by clicking on profile icon
15:57:49.307 [main] INFO  org.testng.internal.Utils - [TestNG] Running:
  C:\Users\INX\OneDrive\Documents\My Automation Learning\TourWitDemo\testng.xml

15:57:49.599 [main] INFO  tc_Tr.UserProfile_Tr - >>> @BeforeClass executed, initializing driver with browser: chrome
15:57:54.559 [main] INFO  tc_Tr.UserProfile_Tr - Verify User is able to add email
15:57:58.793 [main] INFO  tc_Tr.UserProfile_Tr - Verify User is able to add password
15:58:02.908 [main] INFO  tc_Tr.UserProfile_Tr - Verify User is able to login by clicking on Login Button
15:58:11.107 [main] INFO  tc_Tr.UserProfile_Tr - TC-01 --> Verify Options are displaying by clicking on profile icon
16:00:51.745 [main] INFO  org.testng.internal.Utils - [TestNG] Running:
  C:\Users\INX\OneDrive\Documents\My Automation Learning\TourWitDemo\testng.xml

16:00:52.054 [main] INFO  tc_Tr.UserProfile_Tr - >>> @BeforeClass executed, initializing driver with browser: chrome
16:01:02.366 [main] INFO  tc_Tr.UserProfile_Tr - Verify User is able to add email
16:01:06.558 [main] INFO  tc_Tr.UserProfile_Tr - Verify User is able to add password
16:01:10.671 [main] INFO  tc_Tr.UserProfile_Tr - Verify User is able to login by clicking on Login Button
16:01:18.847 [main] INFO  tc_Tr.UserProfile_Tr - TC-01 --> Verify Options are displaying by clicking on profile icon
16:02:36.013 [main] INFO  org.testng.internal.Utils - [TestNG] Running:
  C:\Users\INX\OneDrive\Documents\My Automation Learning\TourWitDemo\testng.xml

16:02:36.299 [main] INFO  tc_Tr.UserProfile_Tr - >>> @BeforeClass executed, initializing driver with browser: chrome
16:02:39.301 [main] INFO  tc_Tr.UserProfile_Tr - Verify User is able to add email
16:02:43.488 [main] INFO  tc_Tr.UserProfile_Tr - Verify User is able to add password
16:02:47.625 [main] INFO  tc_Tr.UserProfile_Tr - Verify User is able to login by clicking on Login Button
16:02:58.170 [main] INFO  tc_Tr.UserProfile_Tr - TC-03 --> Verify User is able to change their profile image or not from their local storage
