15:14:09.027 [main] INFO  tc_Tr.Forums_Tr - TC-04 --> Verify User is able to view searched forum
15:14:24.768 [main] INFO  tc_Tr.Forums_Tr - TC-05 --> Verify User is able to add text in comment field
15:14:24.769 [main] INFO  tc_Tr.Forums_Tr - TC-06 --> Verify Emoji picker is getting open by clicking on Emoji icon
15:14:24.769 [main] INFO  tc_Tr.Forums_Tr - TC-07 --> Verify User is able to search specific emoji 
15:14:24.769 [main] INFO  tc_Tr.Forums_Tr - TC-08 --> Verify selected emoji is displaying in the comment text field
15:15:57.021 [main] INFO  org.testng.internal.Utils - [TestNG] Running:
  C:\Users\INX\OneDrive\Documents\My Automation Learning\TourWitDemo\testng.xml

15:15:57.276 [main] INFO  tc_Tr.Forums_Tr - >>> @BeforeClass executed, initializing driver with browser: chrome
15:16:05.361 [main] INFO  tc_Tr.Forums_Tr - TC-01 --> Verify User is able to add email
15:16:08.642 [main] INFO  tc_Tr.Forums_Tr - TC-02 --> Verify User is able to add password
15:16:11.767 [main] INFO  tc_Tr.Forums_Tr - TC-03 --> Verify User is able to login by clicking on Login Button
15:16:18.991 [main] INFO  tc_Tr.Forums_Tr - TC-01 --> Verify User is navigate to the forum page by clicking on Forum 
15:16:19.639 [main] INFO  tc_Tr.Forums_Tr - TC-01 --> Verify User is navigate to the All post
15:16:25.550 [main] INFO  tc_Tr.Forums_Tr - TC-02 --> Verify User is able to search the specific forum
15:16:25.550 [main] INFO  tc_Tr.Forums_Tr - TC-03 --> Verify User is forum is displaying according to searching 
15:16:25.550 [main] INFO  tc_Tr.Forums_Tr - TC-04 --> Verify User is able to view searched forum
15:16:34.621 [main] INFO  tc_Tr.Forums_Tr - TC-05 --> Verify User is able to add text in comment field
15:16:34.621 [main] INFO  tc_Tr.Forums_Tr - TC-06 --> Verify Emoji picker is getting open by clicking on Emoji icon
15:16:34.621 [main] INFO  tc_Tr.Forums_Tr - TC-07 --> Verify User is able to search specific emoji 
15:16:34.621 [main] INFO  tc_Tr.Forums_Tr - TC-08 --> Verify selected emoji is displaying in the comment text field
15:16:45.517 [main] INFO  tc_Tr.Forums_Tr - TC-09 --> Verify Comment is getting send to the specific forum by clicking on send icon
15:18:06.792 [main] INFO  org.testng.internal.Utils - [TestNG] Running:
  C:\Users\INX\OneDrive\Documents\My Automation Learning\TourWitDemo\testng.xml

15:18:07.184 [main] INFO  tc_Tr.Forums_Tr - >>> @BeforeClass executed, initializing driver with browser: chrome
15:18:18.252 [main] INFO  tc_Tr.Forums_Tr - TC-01 --> Verify User is able to add email
15:18:21.514 [main] INFO  tc_Tr.Forums_Tr - TC-02 --> Verify User is able to add password
15:18:24.668 [main] INFO  tc_Tr.Forums_Tr - TC-03 --> Verify User is able to login by clicking on Login Button
15:18:31.869 [main] INFO  tc_Tr.Forums_Tr - TC-01 --> Verify User is navigate to the forum page by clicking on Forum 
15:18:32.347 [main] INFO  tc_Tr.Forums_Tr - TC-01 --> Verify User is navigate to the All post
15:19:02.723 [main] INFO  org.testng.internal.Utils - [TestNG] Running:
  C:\Users\INX\OneDrive\Documents\My Automation Learning\TourWitDemo\testng.xml

15:19:03.028 [main] INFO  tc_Tr.Forums_Tr - >>> @BeforeClass executed, initializing driver with browser: chrome
15:19:06.328 [main] INFO  tc_Tr.Forums_Tr - TC-01 --> Verify User is able to add email
15:19:09.786 [main] INFO  tc_Tr.Forums_Tr - TC-02 --> Verify User is able to add password
15:19:13.045 [main] INFO  tc_Tr.Forums_Tr - TC-03 --> Verify User is able to login by clicking on Login Button
15:19:20.225 [main] INFO  tc_Tr.Forums_Tr - TC-01 --> Verify User is navigate to the forum page by clicking on Forum 
15:19:20.573 [main] INFO  tc_Tr.Forums_Tr - TC-01 --> Verify User is navigate to the All post
15:19:20.827 [main] INFO  tc_Tr.Forums_Tr - TC-02 --> Verify User is able to search the specific forum
15:19:20.828 [main] INFO  tc_Tr.Forums_Tr - TC-03 --> Verify User is forum is displaying according to searching 
15:19:20.828 [main] INFO  tc_Tr.Forums_Tr - TC-04 --> Verify User is able to view searched forum
15:19:36.396 [main] INFO  tc_Tr.Forums_Tr - TC-05 --> Verify User is able to add text in comment field
15:19:36.396 [main] INFO  tc_Tr.Forums_Tr - TC-06 --> Verify Emoji picker is getting open by clicking on Emoji icon
15:19:36.396 [main] INFO  tc_Tr.Forums_Tr - TC-07 --> Verify User is able to search specific emoji 
15:19:36.396 [main] INFO  tc_Tr.Forums_Tr - TC-08 --> Verify selected emoji is displaying in the comment text field
15:19:46.848 [main] INFO  tc_Tr.Forums_Tr - TC-09 --> Verify Comment is getting send to the specific forum by clicking on send icon
16:28:01.484 [main] INFO  org.testng.internal.Utils - [TestNG] Running:
  C:\Users\INX\OneDrive\Documents\My Automation Learning\TourWitDemo\testng.xml

16:28:01.870 [main] INFO  tc_Tr.Forums_Tr - >>> @BeforeClass executed, initializing driver with browser: chrome
16:28:13.182 [main] INFO  tc_Tr.Forums_Tr - TC-01 --> Verify User is able to add email
16:28:16.598 [main] INFO  tc_Tr.Forums_Tr - TC-02 --> Verify User is able to add password
